{"/home/przemekp95/Dokumenty/wizytowka/backend/src/app.controller.ts": {"path":"/home/przemekp95/Dokumenty/wizytowka/backend/src/app.controller.ts","statementMap":{"0":{"start":{"line":1,"column":0},"end":{"line":1,"column":49}},"1":{"start":{"line":2,"column":0},"end":{"line":2,"column":43}},"2":{"start":{"line":5,"column":7},"end":{"line":12,"column":null}},"3":{"start":{"line":6,"column":31},"end":{"line":6,"column":43}},"4":{"start":{"line":10,"column":4},"end":{"line":10,"column":38}},"5":{"start":{"line":5,"column":13},"end":{"line":5,"column":26}},"6":{"start":{"line":9,"column":2},"end":{"line":11,"column":null}},"7":{"start":{"line":5,"column":13},"end":{"line":12,"column":null}}},"fnMap":{"0":{"name":"(anonymous_2)","decl":{"start":{"line":6,"column":2},"end":{"line":6,"column":31}},"loc":{"start":{"line":6,"column":53},"end":{"line":6,"column":57}}},"1":{"name":"(anonymous_3)","decl":{"start":{"line":9,"column":2},"end":{"line":9,"column":10}},"loc":{"start":{"line":9,"column":10},"end":{"line":11,"column":3}}}},"branchMap":{"0":{"loc":{"start":{"line":6,"column":43},"end":{"line":6,"column":56}},"type":"cond-expr","locations":[{"start":{"line":6,"column":53},"end":{"line":6,"column":56}},{"start":{"line":6,"column":53},"end":{"line":6,"column":56}}]},"1":{"loc":{"start":{"line":6,"column":43},"end":{"line":6,"column":53}},"type":"binary-expr","locations":[{"start":{"line":6,"column":43},"end":{"line":6,"column":56}},{"start":{"line":6,"column":43},"end":{"line":6,"column":53}}]}},"s":{"0":1,"1":1,"2":1,"3":1,"4":1,"5":1,"6":1,"7":1},"f":{"0":1,"1":1},"b":{"0":[1,0],"1":[1,1]}}
,"/home/przemekp95/Dokumenty/wizytowka/backend/src/app.module.ts": {"path":"/home/przemekp95/Dokumenty/wizytowka/backend/src/app.module.ts","statementMap":{"0":{"start":{"line":1,"column":0},"end":{"line":1,"column":57}},"1":{"start":{"line":3,"column":0},"end":{"line":3,"column":40}},"2":{"start":{"line":4,"column":0},"end":{"line":4,"column":49}},"3":{"start":{"line":5,"column":0},"end":{"line":5,"column":43}},"4":{"start":{"line":6,"column":0},"end":{"line":6,"column":55}},"5":{"start":{"line":7,"column":0},"end":{"line":7,"column":53}},"6":{"start":{"line":8,"column":0},"end":{"line":8,"column":57}},"7":{"start":{"line":9,"column":0},"end":{"line":9,"column":46}},"8":{"start":{"line":10,"column":0},"end":{"line":10,"column":52}},"9":{"start":{"line":11,"column":0},"end":{"line":11,"column":41}},"10":{"start":{"line":12,"column":0},"end":{"line":12,"column":72}},"11":{"start":{"line":14,"column":0},"end":{"line":14,"column":48}},"12":{"start":{"line":15,"column":0},"end":{"line":15,"column":66}},"13":{"start":{"line":16,"column":0},"end":{"line":16,"column":28}},"14":{"start":{"line":52,"column":7},"end":{"line":52,"column":null}},"15":{"start":{"line":52,"column":13},"end":{"line":52,"column":22}},"16":{"start":{"line":52,"column":13},"end":{"line":52,"column":null}},"17":{"start":{"line":36,"column":67},"end":{"line":39,"column":8}}},"fnMap":{"0":{"name":"(anonymous_1)","decl":{"start":{"line":36,"column":15},"end":{"line":36,"column":16}},"loc":{"start":{"line":36,"column":67},"end":{"line":39,"column":8}}}},"branchMap":{},"s":{"0":0,"1":0,"2":0,"3":0,"4":0,"5":0,"6":0,"7":0,"8":0,"9":0,"10":0,"11":0,"12":0,"13":0,"14":0,"15":0,"16":0,"17":0},"f":{"0":0},"b":{}}
,"/home/przemekp95/Dokumenty/wizytowka/backend/src/app.service.ts": {"path":"/home/przemekp95/Dokumenty/wizytowka/backend/src/app.service.ts","statementMap":{"0":{"start":{"line":1,"column":0},"end":{"line":1,"column":44}},"1":{"start":{"line":4,"column":7},"end":{"line":8,"column":null}},"2":{"start":{"line":6,"column":4},"end":{"line":6,"column":26}},"3":{"start":{"line":4,"column":13},"end":{"line":4,"column":23}},"4":{"start":{"line":4,"column":13},"end":{"line":8,"column":null}}},"fnMap":{"0":{"name":"(anonymous_1)","decl":{"start":{"line":5,"column":2},"end":{"line":5,"column":10}},"loc":{"start":{"line":5,"column":10},"end":{"line":7,"column":3}}}},"branchMap":{},"s":{"0":1,"1":1,"2":1,"3":1,"4":1},"f":{"0":1},"b":{}}
,"/home/przemekp95/Dokumenty/wizytowka/backend/src/health.controller.ts": {"path":"/home/przemekp95/Dokumenty/wizytowka/backend/src/health.controller.ts","statementMap":{"0":{"start":{"line":1,"column":0},"end":{"line":1,"column":49}},"1":{"start":{"line":4,"column":7},"end":{"line":9,"column":null}},"2":{"start":{"line":7,"column":4},"end":{"line":7,"column":54}},"3":{"start":{"line":4,"column":13},"end":{"line":4,"column":29}},"4":{"start":{"line":6,"column":2},"end":{"line":8,"column":null}},"5":{"start":{"line":4,"column":13},"end":{"line":9,"column":null}}},"fnMap":{"0":{"name":"(anonymous_2)","decl":{"start":{"line":6,"column":2},"end":{"line":6,"column":8}},"loc":{"start":{"line":6,"column":8},"end":{"line":8,"column":3}}}},"branchMap":{},"s":{"0":0,"1":0,"2":0,"3":0,"4":0,"5":0},"f":{"0":0},"b":{}}
,"/home/przemekp95/Dokumenty/wizytowka/backend/src/links.controller.ts": {"path":"/home/przemekp95/Dokumenty/wizytowka/backend/src/links.controller.ts","statementMap":{"0":{"start":{"line":1,"column":0},"end":{"line":1,"column":61}},"1":{"start":{"line":6,"column":22},"end":{"line":13,"column":2}},"2":{"start":{"line":16,"column":7},"end":{"line":29,"column":null}},"3":{"start":{"line":19,"column":4},"end":{"line":19,"column":17}},"4":{"start":{"line":25,"column":18},"end":{"line":25,"column":52}},"5":{"start":{"line":25,"column":36},"end":{"line":25,"column":51}},"6":{"start":{"line":26,"column":4},"end":{"line":26,"column":46}},"7":{"start":{"line":26,"column":16},"end":{"line":26,"column":46}},"8":{"start":{"line":27,"column":4},"end":{"line":27,"column":40}},"9":{"start":{"line":16,"column":13},"end":{"line":16,"column":28}},"10":{"start":{"line":18,"column":2},"end":{"line":20,"column":null}},"11":{"start":{"line":24,"column":2},"end":{"line":28,"column":null}},"12":{"start":{"line":16,"column":13},"end":{"line":29,"column":null}}},"fnMap":{"0":{"name":"(anonymous_4)","decl":{"start":{"line":18,"column":2},"end":{"line":18,"column":5}},"loc":{"start":{"line":18,"column":5},"end":{"line":20,"column":3}}},"1":{"name":"(anonymous_5)","decl":{"start":{"line":24,"column":2},"end":{"line":24,"column":10}},"loc":{"start":{"line":24,"column":60},"end":{"line":28,"column":3}}},"2":{"name":"(anonymous_6)","decl":{"start":{"line":25,"column":29},"end":{"line":25,"column":30}},"loc":{"start":{"line":25,"column":36},"end":{"line":25,"column":51}}}},"branchMap":{"0":{"loc":{"start":{"line":26,"column":4},"end":{"line":26,"column":46}},"type":"if","locations":[{"start":{"line":26,"column":4},"end":{"line":26,"column":46}},{"start":{},"end":{}}]}},"s":{"0":0,"1":0,"2":0,"3":0,"4":0,"5":0,"6":0,"7":0,"8":0,"9":0,"10":0,"11":0,"12":0},"f":{"0":0,"1":0,"2":0},"b":{"0":[0,0]}}
,"/home/przemekp95/Dokumenty/wizytowka/backend/src/main.ts": {"path":"/home/przemekp95/Dokumenty/wizytowka/backend/src/main.ts","statementMap":{"0":{"start":{"line":3,"column":0},"end":{"line":3,"column":23}},"1":{"start":{"line":4,"column":0},"end":{"line":4,"column":43}},"2":{"start":{"line":5,"column":0},"end":{"line":5,"column":41}},"3":{"start":{"line":6,"column":0},"end":{"line":6,"column":48}},"4":{"start":{"line":7,"column":0},"end":{"line":7,"column":41}},"5":{"start":{"line":8,"column":0},"end":{"line":8,"column":28}},"6":{"start":{"line":9,"column":0},"end":{"line":9,"column":80}},"7":{"start":{"line":12,"column":14},"end":{"line":12,"column":49}},"8":{"start":{"line":14,"column":17},"end":{"line":14,"column":54}},"9":{"start":{"line":16,"column":2},"end":{"line":21,"column":4}},"10":{"start":{"line":23,"column":2},"end":{"line":23,"column":26}},"11":{"start":{"line":24,"column":2},"end":{"line":24,"column":41}},"12":{"start":{"line":26,"column":2},"end":{"line":34,"column":5}},"13":{"start":{"line":36,"column":2},"end":{"line":36,"column":29}},"14":{"start":{"line":38,"column":2},"end":{"line":44,"column":4}},"15":{"start":{"line":46,"column":15},"end":{"line":46,"column":47}},"16":{"start":{"line":47,"column":2},"end":{"line":47,"column":25}},"17":{"start":{"line":48,"column":2},"end":{"line":48,"column":55}},"18":{"start":{"line":49,"column":2},"end":{"line":49,"column":59}},"19":{"start":{"line":51,"column":0},"end":{"line":51,"column":17}}},"fnMap":{"0":{"name":"bootstrap","decl":{"start":{"line":11,"column":15},"end":{"line":11,"column":24}},"loc":{"start":{"line":11,"column":24},"end":{"line":50,"column":1}}}},"branchMap":{"0":{"loc":{"start":{"line":18,"column":29},"end":{"line":18,"column":55}},"type":"cond-expr","locations":[{"start":{"line":18,"column":38},"end":{"line":18,"column":47}},{"start":{"line":18,"column":50},"end":{"line":18,"column":55}}]},"1":{"loc":{"start":{"line":27,"column":38},"end":{"line":27,"column":68}},"type":"binary-expr","locations":[{"start":{"line":27,"column":38},"end":{"line":27,"column":62}},{"start":{"line":27,"column":66},"end":{"line":27,"column":68}}]},"2":{"loc":{"start":{"line":46,"column":15},"end":{"line":46,"column":47}},"type":"binary-expr","locations":[{"start":{"line":46,"column":15},"end":{"line":46,"column":39}},{"start":{"line":46,"column":43},"end":{"line":46,"column":47}}]}},"s":{"0":0,"1":0,"2":0,"3":0,"4":0,"5":0,"6":0,"7":0,"8":0,"9":0,"10":0,"11":0,"12":0,"13":0,"14":0,"15":0,"16":0,"17":0,"18":0,"19":0},"f":{"0":0},"b":{"0":[0,0],"1":[0,0],"2":[0,0]}}
,"/home/przemekp95/Dokumenty/wizytowka/backend/src/common/guards/gql-throttler.guard.ts": {"path":"/home/przemekp95/Dokumenty/wizytowka/backend/src/common/guards/gql-throttler.guard.ts","statementMap":{"0":{"start":{"line":1,"column":0},"end":{"line":1,"column":62}},"1":{"start":{"line":2,"column":0},"end":{"line":2,"column":51}},"2":{"start":{"line":3,"column":0},"end":{"line":3,"column":54}},"3":{"start":{"line":7,"column":7},"end":{"line":31,"column":null}},"4":{"start":{"line":9,"column":4},"end":{"line":11,"column":5}},"5":{"start":{"line":10,"column":6},"end":{"line":10,"column":58}},"6":{"start":{"line":12,"column":4},"end":{"line":18,"column":5}},"7":{"start":{"line":13,"column":18},"end":{"line":13,"column":53}},"8":{"start":{"line":14,"column":18},"end":{"line":14,"column":72}},"9":{"start":{"line":15,"column":6},"end":{"line":15,"column":38}},"10":{"start":{"line":17,"column":6},"end":{"line":17,"column":23}},"11":{"start":{"line":22,"column":4},"end":{"line":24,"column":5}},"12":{"start":{"line":23,"column":6},"end":{"line":23,"column":18}},"13":{"start":{"line":25,"column":4},"end":{"line":25,"column":38}},"14":{"start":{"line":29,"column":4},"end":{"line":29,"column":31}},"15":{"start":{"line":7,"column":13},"end":{"line":7,"column":30}},"16":{"start":{"line":7,"column":13},"end":{"line":31,"column":null}}},"fnMap":{"0":{"name":"(anonymous_1)","decl":{"start":{"line":8,"column":2},"end":{"line":8,"column":12}},"loc":{"start":{"line":8,"column":38},"end":{"line":19,"column":3}}},"1":{"name":"(anonymous_2)","decl":{"start":{"line":21,"column":2},"end":{"line":21,"column":7}},"loc":{"start":{"line":21,"column":45},"end":{"line":26,"column":3}}},"2":{"name":"(anonymous_3)","decl":{"start":{"line":28,"column":12},"end":{"line":28,"column":17}},"loc":{"start":{"line":28,"column":41},"end":{"line":30,"column":3}}}},"branchMap":{"0":{"loc":{"start":{"line":9,"column":4},"end":{"line":11,"column":5}},"type":"if","locations":[{"start":{"line":9,"column":4},"end":{"line":11,"column":5}},{"start":{},"end":{}}]},"1":{"loc":{"start":{"line":15,"column":13},"end":{"line":15,"column":37}},"type":"binary-expr","locations":[{"start":{"line":15,"column":13},"end":{"line":15,"column":21}},{"start":{"line":15,"column":25},"end":{"line":15,"column":37}}]},"2":{"loc":{"start":{"line":22,"column":4},"end":{"line":24,"column":5}},"type":"if","locations":[{"start":{"line":22,"column":4},"end":{"line":24,"column":5}},{"start":{},"end":{}}]},"3":{"loc":{"start":{"line":29,"column":11},"end":{"line":29,"column":30}},"type":"binary-expr","locations":[{"start":{"line":29,"column":11},"end":{"line":29,"column":17}},{"start":{"line":29,"column":21},"end":{"line":29,"column":30}}]}},"s":{"0":0,"1":0,"2":0,"3":0,"4":0,"5":0,"6":0,"7":0,"8":0,"9":0,"10":0,"11":0,"12":0,"13":0,"14":0,"15":0,"16":0},"f":{"0":0,"1":0,"2":0},"b":{"0":[0,0],"1":[0,0],"2":[0,0],"3":[0,0]}}
,"/home/przemekp95/Dokumenty/wizytowka/backend/src/common/middleware/request-id.middleware.ts": {"path":"/home/przemekp95/Dokumenty/wizytowka/backend/src/common/middleware/request-id.middleware.ts","statementMap":{"0":{"start":{"line":1,"column":0},"end":{"line":1,"column":60}},"1":{"start":{"line":2,"column":0},"end":{"line":2,"column":36}},"2":{"start":{"line":6,"column":7},"end":{"line":14,"column":null}},"3":{"start":{"line":8,"column":21},"end":{"line":8,"column":47}},"4":{"start":{"line":9,"column":15},"end":{"line":9,"column":39}},"5":{"start":{"line":10,"column":4},"end":{"line":10,"column":23}},"6":{"start":{"line":11,"column":4},"end":{"line":11,"column":38}},"7":{"start":{"line":12,"column":4},"end":{"line":12,"column":11}},"8":{"start":{"line":6,"column":13},"end":{"line":6,"column":32}},"9":{"start":{"line":6,"column":13},"end":{"line":14,"column":null}}},"fnMap":{"0":{"name":"(anonymous_1)","decl":{"start":{"line":7,"column":2},"end":{"line":7,"column":5}},"loc":{"start":{"line":7,"column":53},"end":{"line":13,"column":3}}}},"branchMap":{"0":{"loc":{"start":{"line":9,"column":15},"end":{"line":9,"column":39}},"type":"binary-expr","locations":[{"start":{"line":9,"column":15},"end":{"line":9,"column":23}},{"start":{"line":9,"column":27},"end":{"line":9,"column":39}}]}},"s":{"0":0,"1":0,"2":0,"3":0,"4":0,"5":0,"6":0,"7":0,"8":0,"9":0},"f":{"0":0},"b":{"0":[0,0]}}
,"/home/przemekp95/Dokumenty/wizytowka/backend/src/contact/contact.controller.ts": {"path":"/home/przemekp95/Dokumenty/wizytowka/backend/src/contact/contact.controller.ts","statementMap":{"0":{"start":{"line":1,"column":0},"end":{"line":1,"column":null}},"1":{"start":{"line":9,"column":0},"end":{"line":9,"column":51}},"2":{"start":{"line":10,"column":0},"end":{"line":10,"column":43}},"3":{"start":{"line":14,"column":7},"end":{"line":33,"column":null}},"4":{"start":{"line":15,"column":31},"end":{"line":15,"column":40}},"5":{"start":{"line":21,"column":7},"end":{"line":23,"column":26}},"6":{"start":{"line":24,"column":22},"end":{"line":24,"column":35}},"7":{"start":{"line":26,"column":26},"end":{"line":30,"column":6}},"8":{"start":{"line":31,"column":4},"end":{"line":31,"column":35}},"9":{"start":{"line":14,"column":13},"end":{"line":14,"column":30}},"10":{"start":{"line":19,"column":8},"end":{"line":32,"column":null}},"11":{"start":{"line":14,"column":13},"end":{"line":33,"column":null}}},"fnMap":{"0":{"name":"(anonymous_4)","decl":{"start":{"line":15,"column":2},"end":{"line":15,"column":31}},"loc":{"start":{"line":15,"column":54},"end":{"line":15,"column":58}}},"1":{"name":"(anonymous_5)","decl":{"start":{"line":19,"column":8},"end":{"line":19,"column":12}},"loc":{"start":{"line":19,"column":57},"end":{"line":32,"column":3}}}},"branchMap":{"0":{"loc":{"start":{"line":21,"column":7},"end":{"line":23,"column":26}},"type":"binary-expr","locations":[{"start":{"line":21,"column":7},"end":{"line":23,"column":16}},{"start":{"line":23,"column":20},"end":{"line":23,"column":26}}]},"1":{"loc":{"start":{"line":19,"column":26},"end":{"line":19,"column":39}},"type":"cond-expr","locations":[{"start":{"line":19,"column":36},"end":{"line":19,"column":39}},{"start":{"line":19,"column":36},"end":{"line":19,"column":39}}]},"2":{"loc":{"start":{"line":19,"column":26},"end":{"line":19,"column":36}},"type":"binary-expr","locations":[{"start":{"line":19,"column":26},"end":{"line":19,"column":39}},{"start":{"line":19,"column":26},"end":{"line":19,"column":36}}]},"3":{"loc":{"start":{"line":15,"column":40},"end":{"line":15,"column":57}},"type":"cond-expr","locations":[{"start":{"line":15,"column":54},"end":{"line":15,"column":57}},{"start":{"line":15,"column":54},"end":{"line":15,"column":57}}]},"4":{"loc":{"start":{"line":15,"column":40},"end":{"line":15,"column":54}},"type":"binary-expr","locations":[{"start":{"line":15,"column":40},"end":{"line":15,"column":57}},{"start":{"line":15,"column":40},"end":{"line":15,"column":54}}]}},"s":{"0":0,"1":0,"2":0,"3":0,"4":0,"5":0,"6":0,"7":0,"8":0,"9":0,"10":0,"11":0},"f":{"0":0,"1":0},"b":{"0":[0,0],"1":[0,0],"2":[0,0],"3":[0,0],"4":[0,0]}}
,"/home/przemekp95/Dokumenty/wizytowka/backend/src/contact/contact.dto.ts": {"path":"/home/przemekp95/Dokumenty/wizytowka/backend/src/contact/contact.dto.ts","statementMap":{"0":{"start":{"line":1,"column":0},"end":{"line":1,"column":63}},"1":{"start":{"line":3,"column":0},"end":{"line":3,"column":13}},"2":{"start":{"line":6,"column":2},"end":{"line":6,"column":null}},"3":{"start":{"line":9,"column":2},"end":{"line":9,"column":null}},"4":{"start":{"line":13,"column":2},"end":{"line":13,"column":null}}},"fnMap":{},"branchMap":{},"s":{"0":0,"1":0,"2":0,"3":0,"4":0},"f":{},"b":{}}
,"/home/przemekp95/Dokumenty/wizytowka/backend/src/contact/contact.module.ts": {"path":"/home/przemekp95/Dokumenty/wizytowka/backend/src/contact/contact.module.ts","statementMap":{"0":{"start":{"line":1,"column":0},"end":{"line":1,"column":40}},"1":{"start":{"line":2,"column":0},"end":{"line":2,"column":57}},"2":{"start":{"line":3,"column":0},"end":{"line":3,"column":51}},"3":{"start":{"line":4,"column":0},"end":{"line":4,"column":53}},"4":{"start":{"line":10,"column":7},"end":{"line":10,"column":null}},"5":{"start":{"line":10,"column":13},"end":{"line":10,"column":26}},"6":{"start":{"line":10,"column":13},"end":{"line":10,"column":null}}},"fnMap":{},"branchMap":{},"s":{"0":0,"1":0,"2":0,"3":0,"4":0,"5":0,"6":0},"f":{},"b":{}}
,"/home/przemekp95/Dokumenty/wizytowka/backend/src/contact/contact.resolver.ts": {"path":"/home/przemekp95/Dokumenty/wizytowka/backend/src/contact/contact.resolver.ts","statementMap":{"0":{"start":{"line":1,"column":0},"end":{"line":1,"column":68}},"1":{"start":{"line":2,"column":0},"end":{"line":2,"column":58}},"2":{"start":{"line":3,"column":0},"end":{"line":3,"column":66}},"3":{"start":{"line":4,"column":0},"end":{"line":4,"column":51}},"4":{"start":{"line":5,"column":0},"end":{"line":5,"column":45}},"5":{"start":{"line":9,"column":7},"end":{"line":37,"column":null}},"6":{"start":{"line":10,"column":31},"end":{"line":10,"column":47}},"7":{"start":{"line":18,"column":4},"end":{"line":35,"column":5}},"8":{"start":{"line":20,"column":9},"end":{"line":22,"column":28}},"9":{"start":{"line":23,"column":24},"end":{"line":23,"column":37}},"10":{"start":{"line":25,"column":6},"end":{"line":29,"column":9}},"11":{"start":{"line":31,"column":6},"end":{"line":31,"column":26}},"12":{"start":{"line":33,"column":18},"end":{"line":33,"column":66}},"13":{"start":{"line":34,"column":6},"end":{"line":34,"column":39}},"14":{"start":{"line":9,"column":13},"end":{"line":9,"column":28}},"15":{"start":{"line":14,"column":8},"end":{"line":36,"column":null}},"16":{"start":{"line":13,"column":18},"end":{"line":13,"column":31}},"17":{"start":{"line":9,"column":13},"end":{"line":37,"column":null}}},"fnMap":{"0":{"name":"(anonymous_4)","decl":{"start":{"line":10,"column":2},"end":{"line":10,"column":31}},"loc":{"start":{"line":10,"column":61},"end":{"line":10,"column":65}}},"1":{"name":"(anonymous_5)","decl":{"start":{"line":14,"column":8},"end":{"line":14,"column":19}},"loc":{"start":{"line":16,"column":32},"end":{"line":36,"column":3}}},"2":{"name":"(anonymous_6)","decl":{"start":{"line":13,"column":12},"end":{"line":13,"column":15}},"loc":{"start":{"line":13,"column":18},"end":{"line":13,"column":31}}}},"branchMap":{"0":{"loc":{"start":{"line":20,"column":9},"end":{"line":22,"column":28}},"type":"binary-expr","locations":[{"start":{"line":20,"column":9},"end":{"line":22,"column":18}},{"start":{"line":22,"column":22},"end":{"line":22,"column":28}}]},"1":{"loc":{"start":{"line":33,"column":18},"end":{"line":33,"column":66}},"type":"cond-expr","locations":[{"start":{"line":33,"column":39},"end":{"line":33,"column":48}},{"start":{"line":33,"column":51},"end":{"line":33,"column":66}}]},"2":{"loc":{"start":{"line":15,"column":26},"end":{"line":15,"column":null}},"type":"cond-expr","locations":[{"start":{"line":15,"column":45},"end":{"line":15,"column":null}},{"start":{"line":15,"column":45},"end":{"line":15,"column":null}}]},"3":{"loc":{"start":{"line":15,"column":26},"end":{"line":15,"column":45}},"type":"binary-expr","locations":[{"start":{"line":15,"column":26},"end":{"line":15,"column":null}},{"start":{"line":15,"column":26},"end":{"line":15,"column":45}}]},"4":{"loc":{"start":{"line":17,"column":5},"end":{"line":17,"column":null}},"type":"cond-expr","locations":[{"start":{"line":17,"column":12},"end":{"line":17,"column":null}},{"start":{"line":17,"column":12},"end":{"line":17,"column":null}}]},"5":{"loc":{"start":{"line":17,"column":5},"end":{"line":17,"column":12}},"type":"binary-expr","locations":[{"start":{"line":17,"column":5},"end":{"line":17,"column":null}},{"start":{"line":17,"column":5},"end":{"line":17,"column":12}}]},"6":{"loc":{"start":{"line":10,"column":47},"end":{"line":10,"column":64}},"type":"cond-expr","locations":[{"start":{"line":10,"column":61},"end":{"line":10,"column":64}},{"start":{"line":10,"column":61},"end":{"line":10,"column":64}}]},"7":{"loc":{"start":{"line":10,"column":47},"end":{"line":10,"column":61}},"type":"binary-expr","locations":[{"start":{"line":10,"column":47},"end":{"line":10,"column":64}},{"start":{"line":10,"column":47},"end":{"line":10,"column":61}}]}},"s":{"0":0,"1":0,"2":0,"3":0,"4":0,"5":0,"6":0,"7":0,"8":0,"9":0,"10":0,"11":0,"12":0,"13":0,"14":0,"15":0,"16":0,"17":0},"f":{"0":0,"1":0,"2":0},"b":{"0":[0,0],"1":[0,0],"2":[0,0],"3":[0,0],"4":[0,0],"5":[0,0],"6":[0,0],"7":[0,0]}}
,"/home/przemekp95/Dokumenty/wizytowka/backend/src/contact/contact.service.ts": {"path":"/home/przemekp95/Dokumenty/wizytowka/backend/src/contact/contact.service.ts","statementMap":{"0":{"start":{"line":3,"column":0},"end":{"line":3,"column":52}},"1":{"start":{"line":4,"column":0},"end":{"line":4,"column":53}},"2":{"start":{"line":7,"column":2},"end":{"line":7,"column":39}},"3":{"start":{"line":7,"column":30},"end":{"line":7,"column":39}},"4":{"start":{"line":8,"column":2},"end":{"line":8,"column":44}},"5":{"start":{"line":8,"column":29},"end":{"line":8,"column":44}},"6":{"start":{"line":9,"column":2},"end":{"line":12,"column":3}},"7":{"start":{"line":10,"column":14},"end":{"line":10,"column":36}},"8":{"start":{"line":11,"column":4},"end":{"line":11,"column":67}},"9":{"start":{"line":13,"column":2},"end":{"line":13,"column":15}},"10":{"start":{"line":17,"column":27},"end":{"line":82,"column":null}},"11":{"start":{"line":18,"column":28},"end":{"line":18,"column":59}},"12":{"start":{"line":20,"column":37},"end":{"line":36,"column":null}},"13":{"start":{"line":47,"column":17},"end":{"line":47,"column":69}},"14":{"start":{"line":48,"column":15},"end":{"line":48,"column":65}},"15":{"start":{"line":50,"column":4},"end":{"line":52,"column":5}},"16":{"start":{"line":51,"column":6},"end":{"line":51,"column":63}},"17":{"start":{"line":54,"column":28},"end":{"line":61,"column":21}},"18":{"start":{"line":63,"column":18},"end":{"line":63,"column":34}},"19":{"start":{"line":65,"column":17},"end":{"line":72,"column":6}},"20":{"start":{"line":74,"column":4},"end":{"line":78,"column":6}},"21":{"start":{"line":80,"column":4},"end":{"line":80,"column":41}},"22":{"start":{"line":17,"column":13},"end":{"line":17,"column":27}},"23":{"start":{"line":17,"column":13},"end":{"line":82,"column":null}}},"fnMap":{"0":{"name":"toBool","decl":{"start":{"line":6,"column":9},"end":{"line":6,"column":15}},"loc":{"start":{"line":6,"column":26},"end":{"line":14,"column":1}}},"1":{"name":"(anonymous_3)","decl":{"start":{"line":39,"column":2},"end":{"line":39,"column":7}},"loc":{"start":{"line":46,"column":3},"end":{"line":81,"column":3}}}},"branchMap":{"0":{"loc":{"start":{"line":7,"column":2},"end":{"line":7,"column":39}},"type":"if","locations":[{"start":{"line":7,"column":2},"end":{"line":7,"column":39}},{"start":{},"end":{}}]},"1":{"loc":{"start":{"line":8,"column":2},"end":{"line":8,"column":44}},"type":"if","locations":[{"start":{"line":8,"column":2},"end":{"line":8,"column":44}},{"start":{},"end":{}}]},"2":{"loc":{"start":{"line":9,"column":2},"end":{"line":12,"column":3}},"type":"if","locations":[{"start":{"line":9,"column":2},"end":{"line":12,"column":3}},{"start":{},"end":{}}]},"3":{"loc":{"start":{"line":11,"column":11},"end":{"line":11,"column":66}},"type":"binary-expr","locations":[{"start":{"line":11,"column":11},"end":{"line":11,"column":23}},{"start":{"line":11,"column":27},"end":{"line":11,"column":36}},{"start":{"line":11,"column":40},"end":{"line":11,"column":51}},{"start":{"line":11,"column":55},"end":{"line":11,"column":66}}]},"4":{"loc":{"start":{"line":23,"column":19},"end":{"line":23,"column":47}},"type":"binary-expr","locations":[{"start":{"line":23,"column":19},"end":{"line":23,"column":40}},{"start":{"line":23,"column":44},"end":{"line":23,"column":47}}]},"5":{"loc":{"start":{"line":24,"column":21},"end":{"line":24,"column":52}},"type":"binary-expr","locations":[{"start":{"line":24,"column":21},"end":{"line":24,"column":44}},{"start":{"line":24,"column":48},"end":{"line":24,"column":52}}]},"6":{"loc":{"start":{"line":26,"column":8},"end":{"line":28,"column":21}},"type":"cond-expr","locations":[{"start":{"line":27,"column":12},"end":{"line":27,"column":72}},{"start":{"line":28,"column":12},"end":{"line":28,"column":21}}]},"7":{"loc":{"start":{"line":26,"column":8},"end":{"line":26,"column":54}},"type":"binary-expr","locations":[{"start":{"line":26,"column":8},"end":{"line":26,"column":29}},{"start":{"line":26,"column":33},"end":{"line":26,"column":54}}]},"8":{"loc":{"start":{"line":34,"column":21},"end":{"line":34,"column":52}},"type":"binary-expr","locations":[{"start":{"line":34,"column":21},"end":{"line":34,"column":43}},{"start":{"line":34,"column":47},"end":{"line":34,"column":52}}]},"9":{"loc":{"start":{"line":35,"column":20},"end":{"line":35,"column":51}},"type":"binary-expr","locations":[{"start":{"line":35,"column":20},"end":{"line":35,"column":42}},{"start":{"line":35,"column":46},"end":{"line":35,"column":51}}]},"10":{"loc":{"start":{"line":47,"column":17},"end":{"line":47,"column":69}},"type":"binary-expr","locations":[{"start":{"line":47,"column":17},"end":{"line":47,"column":38}},{"start":{"line":47,"column":42},"end":{"line":47,"column":63}},{"start":{"line":47,"column":67},"end":{"line":47,"column":69}}]},"11":{"loc":{"start":{"line":48,"column":15},"end":{"line":48,"column":65}},"type":"binary-expr","locations":[{"start":{"line":48,"column":15},"end":{"line":48,"column":34}},{"start":{"line":48,"column":38},"end":{"line":48,"column":59}},{"start":{"line":48,"column":63},"end":{"line":48,"column":65}}]},"12":{"loc":{"start":{"line":50,"column":4},"end":{"line":52,"column":5}},"type":"if","locations":[{"start":{"line":50,"column":4},"end":{"line":52,"column":5}},{"start":{},"end":{}}]},"13":{"loc":{"start":{"line":50,"column":8},"end":{"line":50,"column":46}},"type":"binary-expr","locations":[{"start":{"line":50,"column":8},"end":{"line":50,"column":30}},{"start":{"line":50,"column":34},"end":{"line":50,"column":39}},{"start":{"line":50,"column":43},"end":{"line":50,"column":46}}]},"14":{"loc":{"start":{"line":57,"column":6},"end":{"line":57,"column":41}},"type":"cond-expr","locations":[{"start":{"line":57,"column":18},"end":{"line":57,"column":36}},{"start":{"line":57,"column":39},"end":{"line":57,"column":41}}]},"15":{"loc":{"start":{"line":58,"column":6},"end":{"line":58,"column":63}},"type":"cond-expr","locations":[{"start":{"line":58,"column":25},"end":{"line":58,"column":58}},{"start":{"line":58,"column":61},"end":{"line":58,"column":63}}]},"16":{"loc":{"start":{"line":71,"column":33},"end":{"line":71,"column":55}},"type":"binary-expr","locations":[{"start":{"line":71,"column":33},"end":{"line":71,"column":49}},{"start":{"line":71,"column":53},"end":{"line":71,"column":55}}]}},"s":{"0":1,"1":1,"2":6,"3":4,"4":2,"5":0,"6":2,"7":2,"8":2,"9":0,"10":1,"11":2,"12":2,"13":2,"14":2,"15":2,"16":1,"17":1,"18":1,"19":1,"20":1,"21":1,"22":1,"23":1},"f":{"0":6,"1":2},"b":{"0":[4,2],"1":[0,2],"2":[2,0],"3":[2,0,0,0],"4":[2,0],"5":[2,0],"6":[0,2],"7":[2,0],"8":[2,2],"9":[2,2],"10":[2,0,0],"11":[2,0,0],"12":[1,1],"13":[2,1,1],"14":[1,0],"15":[1,0],"16":[1,0]}}
,"/home/przemekp95/Dokumenty/wizytowka/backend/src/contact/dto/contact-message.input.ts": {"path":"/home/przemekp95/Dokumenty/wizytowka/backend/src/contact/dto/contact-message.input.ts","statementMap":{"0":{"start":{"line":1,"column":0},"end":{"line":1,"column":51}},"1":{"start":{"line":2,"column":0},"end":{"line":2,"column":null}},"2":{"start":{"line":11,"column":7},"end":{"line":32,"column":null}},"3":{"start":{"line":11,"column":13},"end":{"line":11,"column":32}},"4":{"start":{"line":16,"column":2},"end":{"line":16,"column":null}},"5":{"start":{"line":20,"column":2},"end":{"line":20,"column":null}},"6":{"start":{"line":26,"column":2},"end":{"line":26,"column":null}},"7":{"start":{"line":31,"column":2},"end":{"line":31,"column":null}},"8":{"start":{"line":11,"column":13},"end":{"line":32,"column":null}}},"fnMap":{},"branchMap":{},"s":{"0":0,"1":0,"2":0,"3":0,"4":0,"5":0,"6":0,"7":0,"8":0},"f":{},"b":{}}
,"/home/przemekp95/Dokumenty/wizytowka/backend/src/contact/dto/contact-result.type.ts": {"path":"/home/przemekp95/Dokumenty/wizytowka/backend/src/contact/dto/contact-result.type.ts","statementMap":{"0":{"start":{"line":1,"column":0},"end":{"line":1,"column":52}},"1":{"start":{"line":4,"column":7},"end":{"line":7,"column":null}},"2":{"start":{"line":4,"column":13},"end":{"line":4,"column":26}},"3":{"start":{"line":5,"column":11},"end":{"line":5,"column":null}},"4":{"start":{"line":6,"column":29},"end":{"line":6,"column":null}},"5":{"start":{"line":4,"column":13},"end":{"line":7,"column":null}}},"fnMap":{},"branchMap":{},"s":{"0":0,"1":0,"2":0,"3":0,"4":0,"5":0},"f":{},"b":{}}
,"/home/przemekp95/Dokumenty/wizytowka/backend/src/graphql/hello.resolver.ts": {"path":"/home/przemekp95/Dokumenty/wizytowka/backend/src/graphql/hello.resolver.ts","statementMap":{"0":{"start":{"line":1,"column":0},"end":{"line":1,"column":50}},"1":{"start":{"line":4,"column":7},"end":{"line":9,"column":null}},"2":{"start":{"line":7,"column":4},"end":{"line":7,"column":19}},"3":{"start":{"line":4,"column":13},"end":{"line":4,"column":26}},"4":{"start":{"line":6,"column":2},"end":{"line":8,"column":null}},"5":{"start":{"line":5,"column":15},"end":{"line":5,"column":21}},"6":{"start":{"line":4,"column":13},"end":{"line":9,"column":null}}},"fnMap":{"0":{"name":"(anonymous_2)","decl":{"start":{"line":6,"column":2},"end":{"line":6,"column":7}},"loc":{"start":{"line":6,"column":7},"end":{"line":8,"column":3}}},"1":{"name":"(anonymous_3)","decl":{"start":{"line":5,"column":9},"end":{"line":5,"column":12}},"loc":{"start":{"line":5,"column":15},"end":{"line":5,"column":21}}}},"branchMap":{},"s":{"0":0,"1":0,"2":0,"3":0,"4":0,"5":0,"6":0},"f":{"0":0,"1":0},"b":{}}
,"/home/przemekp95/Dokumenty/wizytowka/backend/src/project/project.module.ts": {"path":"/home/przemekp95/Dokumenty/wizytowka/backend/src/project/project.module.ts","statementMap":{"0":{"start":{"line":1,"column":0},"end":{"line":1,"column":40}},"1":{"start":{"line":2,"column":0},"end":{"line":2,"column":53}},"2":{"start":{"line":3,"column":0},"end":{"line":3,"column":51}},"3":{"start":{"line":9,"column":7},"end":{"line":9,"column":null}},"4":{"start":{"line":9,"column":13},"end":{"line":9,"column":26}},"5":{"start":{"line":9,"column":13},"end":{"line":9,"column":null}}},"fnMap":{},"branchMap":{},"s":{"0":0,"1":0,"2":0,"3":0,"4":0,"5":0},"f":{},"b":{}}
,"/home/przemekp95/Dokumenty/wizytowka/backend/src/project/project.resolver.ts": {"path":"/home/przemekp95/Dokumenty/wizytowka/backend/src/project/project.resolver.ts","statementMap":{"0":{"start":{"line":1,"column":0},"end":{"line":1,"column":70}},"1":{"start":{"line":2,"column":0},"end":{"line":2,"column":52}},"2":{"start":{"line":3,"column":0},"end":{"line":3,"column":51}},"3":{"start":{"line":4,"column":0},"end":{"line":4,"column":64}},"4":{"start":{"line":5,"column":0},"end":{"line":5,"column":64}},"5":{"start":{"line":8,"column":7},"end":{"line":35,"column":null}},"6":{"start":{"line":9,"column":31},"end":{"line":9,"column":40}},"7":{"start":{"line":13,"column":4},"end":{"line":13,"column":34}},"8":{"start":{"line":18,"column":4},"end":{"line":18,"column":36}},"9":{"start":{"line":23,"column":4},"end":{"line":23,"column":38}},"10":{"start":{"line":28,"column":4},"end":{"line":28,"column":38}},"11":{"start":{"line":33,"column":4},"end":{"line":33,"column":35}},"12":{"start":{"line":8,"column":13},"end":{"line":8,"column":28}},"13":{"start":{"line":12,"column":2},"end":{"line":14,"column":null}},"14":{"start":{"line":11,"column":15},"end":{"line":11,"column":24}},"15":{"start":{"line":17,"column":2},"end":{"line":19,"column":null}},"16":{"start":{"line":16,"column":15},"end":{"line":16,"column":22}},"17":{"start":{"line":17,"column":36},"end":{"line":17,"column":38}},"18":{"start":{"line":22,"column":2},"end":{"line":24,"column":null}},"19":{"start":{"line":21,"column":18},"end":{"line":21,"column":25}},"20":{"start":{"line":27,"column":2},"end":{"line":29,"column":null}},"21":{"start":{"line":26,"column":18},"end":{"line":26,"column":25}},"22":{"start":{"line":32,"column":2},"end":{"line":34,"column":null}},"23":{"start":{"line":31,"column":18},"end":{"line":31,"column":20}},"24":{"start":{"line":32,"column":42},"end":{"line":32,"column":44}},"25":{"start":{"line":8,"column":13},"end":{"line":35,"column":null}},"26":{"start":{"line":7,"column":16},"end":{"line":7,"column":23}}},"fnMap":{"0":{"name":"(anonymous_4)","decl":{"start":{"line":9,"column":2},"end":{"line":9,"column":31}},"loc":{"start":{"line":9,"column":54},"end":{"line":9,"column":58}}},"1":{"name":"(anonymous_5)","decl":{"start":{"line":12,"column":2},"end":{"line":12,"column":10}},"loc":{"start":{"line":12,"column":10},"end":{"line":14,"column":3}}},"2":{"name":"(anonymous_6)","decl":{"start":{"line":17,"column":2},"end":{"line":17,"column":9}},"loc":{"start":{"line":17,"column":52},"end":{"line":19,"column":3}}},"3":{"name":"(anonymous_7)","decl":{"start":{"line":22,"column":2},"end":{"line":22,"column":15}},"loc":{"start":{"line":22,"column":56},"end":{"line":24,"column":3}}},"4":{"name":"(anonymous_8)","decl":{"start":{"line":27,"column":2},"end":{"line":27,"column":15}},"loc":{"start":{"line":27,"column":56},"end":{"line":29,"column":3}}},"5":{"name":"(anonymous_9)","decl":{"start":{"line":32,"column":2},"end":{"line":32,"column":15}},"loc":{"start":{"line":32,"column":58},"end":{"line":34,"column":3}}},"6":{"name":"(anonymous_10)","decl":{"start":{"line":11,"column":9},"end":{"line":11,"column":12}},"loc":{"start":{"line":11,"column":15},"end":{"line":11,"column":24}}},"7":{"name":"(anonymous_11)","decl":{"start":{"line":16,"column":9},"end":{"line":16,"column":12}},"loc":{"start":{"line":16,"column":15},"end":{"line":16,"column":22}}},"8":{"name":"(anonymous_12)","decl":{"start":{"line":17,"column":30},"end":{"line":17,"column":33}},"loc":{"start":{"line":17,"column":36},"end":{"line":17,"column":38}}},"9":{"name":"(anonymous_13)","decl":{"start":{"line":21,"column":12},"end":{"line":21,"column":15}},"loc":{"start":{"line":21,"column":18},"end":{"line":21,"column":25}}},"10":{"name":"(anonymous_14)","decl":{"start":{"line":26,"column":12},"end":{"line":26,"column":15}},"loc":{"start":{"line":26,"column":18},"end":{"line":26,"column":25}}},"11":{"name":"(anonymous_15)","decl":{"start":{"line":31,"column":12},"end":{"line":31,"column":15}},"loc":{"start":{"line":31,"column":18},"end":{"line":31,"column":20}}},"12":{"name":"(anonymous_16)","decl":{"start":{"line":32,"column":36},"end":{"line":32,"column":39}},"loc":{"start":{"line":32,"column":42},"end":{"line":32,"column":44}}},"13":{"name":"(anonymous_17)","decl":{"start":{"line":7,"column":10},"end":{"line":7,"column":13}},"loc":{"start":{"line":7,"column":16},"end":{"line":7,"column":23}}}},"branchMap":{"0":{"loc":{"start":{"line":22,"column":38},"end":{"line":22,"column":59}},"type":"cond-expr","locations":[{"start":{"line":22,"column":56},"end":{"line":22,"column":59}},{"start":{"line":22,"column":56},"end":{"line":22,"column":59}}]},"1":{"loc":{"start":{"line":22,"column":38},"end":{"line":22,"column":56}},"type":"binary-expr","locations":[{"start":{"line":22,"column":38},"end":{"line":22,"column":59}},{"start":{"line":22,"column":38},"end":{"line":22,"column":56}}]},"2":{"loc":{"start":{"line":22,"column":59},"end":{"line":22,"column":null}},"type":"cond-expr","locations":[{"start":{"line":22,"column":66},"end":{"line":22,"column":null}},{"start":{"line":22,"column":66},"end":{"line":22,"column":null}}]},"3":{"loc":{"start":{"line":22,"column":59},"end":{"line":22,"column":66}},"type":"binary-expr","locations":[{"start":{"line":22,"column":59},"end":{"line":22,"column":null}},{"start":{"line":22,"column":59},"end":{"line":22,"column":66}}]},"4":{"loc":{"start":{"line":27,"column":38},"end":{"line":27,"column":59}},"type":"cond-expr","locations":[{"start":{"line":27,"column":56},"end":{"line":27,"column":59}},{"start":{"line":27,"column":56},"end":{"line":27,"column":59}}]},"5":{"loc":{"start":{"line":27,"column":38},"end":{"line":27,"column":56}},"type":"binary-expr","locations":[{"start":{"line":27,"column":38},"end":{"line":27,"column":59}},{"start":{"line":27,"column":38},"end":{"line":27,"column":56}}]},"6":{"loc":{"start":{"line":27,"column":59},"end":{"line":27,"column":null}},"type":"cond-expr","locations":[{"start":{"line":27,"column":66},"end":{"line":27,"column":null}},{"start":{"line":27,"column":66},"end":{"line":27,"column":null}}]},"7":{"loc":{"start":{"line":27,"column":59},"end":{"line":27,"column":66}},"type":"binary-expr","locations":[{"start":{"line":27,"column":59},"end":{"line":27,"column":null}},{"start":{"line":27,"column":59},"end":{"line":27,"column":66}}]},"8":{"loc":{"start":{"line":9,"column":40},"end":{"line":9,"column":57}},"type":"cond-expr","locations":[{"start":{"line":9,"column":54},"end":{"line":9,"column":57}},{"start":{"line":9,"column":54},"end":{"line":9,"column":57}}]},"9":{"loc":{"start":{"line":9,"column":40},"end":{"line":9,"column":54}},"type":"binary-expr","locations":[{"start":{"line":9,"column":40},"end":{"line":9,"column":57}},{"start":{"line":9,"column":40},"end":{"line":9,"column":54}}]}},"s":{"0":0,"1":0,"2":0,"3":0,"4":0,"5":0,"6":0,"7":0,"8":0,"9":0,"10":0,"11":0,"12":0,"13":0,"14":0,"15":0,"16":0,"17":0,"18":0,"19":0,"20":0,"21":0,"22":0,"23":0,"24":0,"25":0,"26":0},"f":{"0":0,"1":0,"2":0,"3":0,"4":0,"5":0,"6":0,"7":0,"8":0,"9":0,"10":0,"11":0,"12":0,"13":0},"b":{"0":[0,0],"1":[0,0],"2":[0,0],"3":[0,0],"4":[0,0],"5":[0,0],"6":[0,0],"7":[0,0],"8":[0,0],"9":[0,0]}}
,"/home/przemekp95/Dokumenty/wizytowka/backend/src/project/project.service.ts": {"path":"/home/przemekp95/Dokumenty/wizytowka/backend/src/project/project.service.ts","statementMap":{"0":{"start":{"line":1,"column":0},"end":{"line":1,"column":44}},"1":{"start":{"line":2,"column":0},"end":{"line":2,"column":36}},"2":{"start":{"line":8,"column":7},"end":{"line":45,"column":null}},"3":{"start":{"line":9,"column":32},"end":{"line":18,"column":4}},"4":{"start":{"line":21,"column":4},"end":{"line":21,"column":25}},"5":{"start":{"line":25,"column":4},"end":{"line":25,"column":50}},"6":{"start":{"line":25,"column":37},"end":{"line":25,"column":48}},"7":{"start":{"line":29,"column":29},"end":{"line":29,"column":59}},"8":{"start":{"line":30,"column":4},"end":{"line":30,"column":35}},"9":{"start":{"line":31,"column":4},"end":{"line":31,"column":19}},"10":{"start":{"line":35,"column":16},"end":{"line":35,"column":65}},"11":{"start":{"line":35,"column":47},"end":{"line":35,"column":64}},"12":{"start":{"line":36,"column":4},"end":{"line":36,"column":57}},"13":{"start":{"line":36,"column":20},"end":{"line":36,"column":57}},"14":{"start":{"line":37,"column":4},"end":{"line":37,"column":61}},"15":{"start":{"line":38,"column":4},"end":{"line":38,"column":30}},"16":{"start":{"line":42,"column":4},"end":{"line":42,"column":61}},"17":{"start":{"line":42,"column":48},"end":{"line":42,"column":59}},"18":{"start":{"line":43,"column":4},"end":{"line":43,"column":14}},"19":{"start":{"line":8,"column":13},"end":{"line":8,"column":27}},"20":{"start":{"line":8,"column":13},"end":{"line":45,"column":null}}},"fnMap":{"0":{"name":"(anonymous_1)","decl":{"start":{"line":20,"column":2},"end":{"line":20,"column":9}},"loc":{"start":{"line":20,"column":9},"end":{"line":22,"column":3}}},"1":{"name":"(anonymous_2)","decl":{"start":{"line":24,"column":2},"end":{"line":24,"column":9}},"loc":{"start":{"line":24,"column":20},"end":{"line":26,"column":3}}},"2":{"name":"(anonymous_3)","decl":{"start":{"line":25,"column":30},"end":{"line":25,"column":31}},"loc":{"start":{"line":25,"column":37},"end":{"line":25,"column":48}}},"3":{"name":"(anonymous_4)","decl":{"start":{"line":28,"column":2},"end":{"line":28,"column":8}},"loc":{"start":{"line":28,"column":34},"end":{"line":32,"column":3}}},"4":{"name":"(anonymous_5)","decl":{"start":{"line":34,"column":2},"end":{"line":34,"column":8}},"loc":{"start":{"line":34,"column":34},"end":{"line":39,"column":3}}},"5":{"name":"(anonymous_6)","decl":{"start":{"line":35,"column":40},"end":{"line":35,"column":41}},"loc":{"start":{"line":35,"column":47},"end":{"line":35,"column":64}}},"6":{"name":"(anonymous_7)","decl":{"start":{"line":41,"column":2},"end":{"line":41,"column":8}},"loc":{"start":{"line":41,"column":19},"end":{"line":44,"column":3}}},"7":{"name":"(anonymous_8)","decl":{"start":{"line":42,"column":41},"end":{"line":42,"column":42}},"loc":{"start":{"line":42,"column":48},"end":{"line":42,"column":59}}}},"branchMap":{"0":{"loc":{"start":{"line":36,"column":4},"end":{"line":36,"column":57}},"type":"if","locations":[{"start":{"line":36,"column":4},"end":{"line":36,"column":57}},{"start":{},"end":{}}]}},"s":{"0":0,"1":0,"2":0,"3":0,"4":0,"5":0,"6":0,"7":0,"8":0,"9":0,"10":0,"11":0,"12":0,"13":0,"14":0,"15":0,"16":0,"17":0,"18":0,"19":0,"20":0},"f":{"0":0,"1":0,"2":0,"3":0,"4":0,"5":0,"6":0,"7":0},"b":{"0":[0,0]}}
,"/home/przemekp95/Dokumenty/wizytowka/backend/src/project/dto/create-project.input.ts": {"path":"/home/przemekp95/Dokumenty/wizytowka/backend/src/project/dto/create-project.input.ts","statementMap":{"0":{"start":{"line":1,"column":0},"end":{"line":1,"column":51}},"1":{"start":{"line":2,"column":0},"end":{"line":2,"column":73}},"2":{"start":{"line":5,"column":7},"end":{"line":30,"column":null}},"3":{"start":{"line":5,"column":13},"end":{"line":5,"column":31}},"4":{"start":{"line":9,"column":2},"end":{"line":9,"column":null}},"5":{"start":{"line":15,"column":2},"end":{"line":15,"column":null}},"6":{"start":{"line":20,"column":2},"end":{"line":20,"column":null}},"7":{"start":{"line":25,"column":2},"end":{"line":25,"column":null}},"8":{"start":{"line":29,"column":2},"end":{"line":29,"column":null}},"9":{"start":{"line":27,"column":15},"end":{"line":27,"column":23}},"10":{"start":{"line":5,"column":13},"end":{"line":30,"column":null}}},"fnMap":{"0":{"name":"(anonymous_2)","decl":{"start":{"line":27,"column":9},"end":{"line":27,"column":12}},"loc":{"start":{"line":27,"column":15},"end":{"line":27,"column":23}}}},"branchMap":{},"s":{"0":0,"1":0,"2":0,"3":0,"4":0,"5":0,"6":0,"7":0,"8":0,"9":0,"10":0},"f":{"0":0},"b":{}}
,"/home/przemekp95/Dokumenty/wizytowka/backend/src/project/dto/update-project.input.ts": {"path":"/home/przemekp95/Dokumenty/wizytowka/backend/src/project/dto/update-project.input.ts","statementMap":{"0":{"start":{"line":1,"column":0},"end":{"line":1,"column":68}},"1":{"start":{"line":2,"column":0},"end":{"line":2,"column":60}},"2":{"start":{"line":3,"column":0},"end":{"line":3,"column":43}},"3":{"start":{"line":6,"column":7},"end":{"line":10,"column":null}},"4":{"start":{"line":6,"column":13},"end":{"line":6,"column":31}},"5":{"start":{"line":9,"column":2},"end":{"line":9,"column":null}},"6":{"start":{"line":7,"column":15},"end":{"line":7,"column":17}},"7":{"start":{"line":6,"column":13},"end":{"line":10,"column":null}}},"fnMap":{"0":{"name":"(anonymous_2)","decl":{"start":{"line":7,"column":9},"end":{"line":7,"column":12}},"loc":{"start":{"line":7,"column":15},"end":{"line":7,"column":17}}}},"branchMap":{},"s":{"0":0,"1":0,"2":0,"3":0,"4":0,"5":0,"6":0,"7":0},"f":{"0":0},"b":{}}
,"/home/przemekp95/Dokumenty/wizytowka/backend/src/project/entities/project.entity.ts": {"path":"/home/przemekp95/Dokumenty/wizytowka/backend/src/project/entities/project.entity.ts","statementMap":{"0":{"start":{"line":1,"column":0},"end":{"line":1,"column":56}},"1":{"start":{"line":4,"column":7},"end":{"line":22,"column":null}},"2":{"start":{"line":4,"column":13},"end":{"line":4,"column":20}},"3":{"start":{"line":6,"column":2},"end":{"line":6,"column":null}},"4":{"start":{"line":5,"column":15},"end":{"line":5,"column":17}},"5":{"start":{"line":9,"column":2},"end":{"line":9,"column":null}},"6":{"start":{"line":12,"column":2},"end":{"line":12,"column":null}},"7":{"start":{"line":15,"column":2},"end":{"line":15,"column":null}},"8":{"start":{"line":18,"column":2},"end":{"line":18,"column":null}},"9":{"start":{"line":21,"column":2},"end":{"line":21,"column":null}},"10":{"start":{"line":20,"column":15},"end":{"line":20,"column":23}},"11":{"start":{"line":4,"column":13},"end":{"line":22,"column":null}}},"fnMap":{"0":{"name":"(anonymous_2)","decl":{"start":{"line":5,"column":9},"end":{"line":5,"column":12}},"loc":{"start":{"line":5,"column":15},"end":{"line":5,"column":17}}},"1":{"name":"(anonymous_3)","decl":{"start":{"line":20,"column":9},"end":{"line":20,"column":12}},"loc":{"start":{"line":20,"column":15},"end":{"line":20,"column":23}}}},"branchMap":{},"s":{"0":0,"1":0,"2":0,"3":0,"4":0,"5":0,"6":0,"7":0,"8":0,"9":0,"10":0,"11":0},"f":{"0":0,"1":0},"b":{}}
,"/home/przemekp95/Dokumenty/wizytowka/backend/src/types/express.d.ts": {"path":"/home/przemekp95/Dokumenty/wizytowka/backend/src/types/express.d.ts","statementMap":{},"fnMap":{},"branchMap":{},"s":{},"f":{},"b":{}}
,"/home/przemekp95/Dokumenty/wizytowka/backend/src/types/global.d.ts": {"path":"/home/przemekp95/Dokumenty/wizytowka/backend/src/types/global.d.ts","statementMap":{},"fnMap":{},"branchMap":{},"s":{},"f":{},"b":{}}
,"/home/przemekp95/Dokumenty/wizytowka/backend/src/types/express/index.d.ts": {"path":"/home/przemekp95/Dokumenty/wizytowka/backend/src/types/express/index.d.ts","statementMap":{},"fnMap":{},"branchMap":{},"s":{},"f":{},"b":{}}
}
